Started GET "/" for 127.0.0.1 at 2021-03-14 10:42:27 -0300
  [1m[35m (8.4ms)[0m  [1m[34mSELECT sqlite_version(*)[0m
Processing by Rails::WelcomeController#index as HTML
  Rendering /home/alvarohsgouvea/.rbenv/versions/3.0.0/lib/ruby/gems/3.0.0/gems/railties-6.1.3/lib/rails/templates/rails/welcome/index.html.erb
  Rendered /home/alvarohsgouvea/.rbenv/versions/3.0.0/lib/ruby/gems/3.0.0/gems/railties-6.1.3/lib/rails/templates/rails/welcome/index.html.erb (Duration: 118.4ms | Allocations: 522)
Completed 200 OK in 192ms (Views: 142.8ms | ActiveRecord: 0.0ms | Allocations: 6824)


Started GET "/" for 127.0.0.1 at 2021-03-14 10:45:02 -0300
Processing by Rails::WelcomeController#index as HTML
  Rendering /home/alvarohsgouvea/.rbenv/versions/3.0.0/lib/ruby/gems/3.0.0/gems/railties-6.1.3/lib/rails/templates/rails/welcome/index.html.erb
  Rendered /home/alvarohsgouvea/.rbenv/versions/3.0.0/lib/ruby/gems/3.0.0/gems/railties-6.1.3/lib/rails/templates/rails/welcome/index.html.erb (Duration: 5.7ms | Allocations: 223)
Completed 200 OK in 10ms (Views: 7.0ms | Allocations: 3573)


Started GET "/" for 127.0.0.1 at 2021-03-14 10:46:11 -0300
Processing by Rails::WelcomeController#index as HTML
  Rendering /home/alvarohsgouvea/.rbenv/versions/3.0.0/lib/ruby/gems/3.0.0/gems/railties-6.1.3/lib/rails/templates/rails/welcome/index.html.erb
  Rendered /home/alvarohsgouvea/.rbenv/versions/3.0.0/lib/ruby/gems/3.0.0/gems/railties-6.1.3/lib/rails/templates/rails/welcome/index.html.erb (Duration: 28.1ms | Allocations: 226)
Completed 200 OK in 33ms (Views: 29.6ms | Allocations: 3579)


Started GET "/" for 127.0.0.1 at 2021-03-14 10:46:20 -0300
Processing by Rails::WelcomeController#index as HTML
  Rendering /home/alvarohsgouvea/.rbenv/versions/3.0.0/lib/ruby/gems/3.0.0/gems/railties-6.1.3/lib/rails/templates/rails/welcome/index.html.erb
  Rendered /home/alvarohsgouvea/.rbenv/versions/3.0.0/lib/ruby/gems/3.0.0/gems/railties-6.1.3/lib/rails/templates/rails/welcome/index.html.erb (Duration: 1.1ms | Allocations: 50)
Completed 200 OK in 6ms (Views: 3.9ms | Allocations: 3058)


Started GET "/" for 127.0.0.1 at 2021-03-14 10:47:15 -0300
Processing by GldnController#index as HTML
  Rendering layout layouts/application.html.erb
  Rendering gldn/index.html.erb within layouts/application
  Rendered gldn/index.html.erb within layouts/application (Duration: 0.5ms | Allocations: 110)
[Webpacker] Compiling...
[Webpacker] Compilation failed:
yarn run v1.22.10
info Visit https://yarnpkg.com/en/docs/cli/run for documentation about this command.


error Command "webpack" not found.

  Rendered layout layouts/application.html.erb (Duration: 1968.2ms | Allocations: 15949)
Completed 500 Internal Server Error in 1974ms (Allocations: 19763)


  
ActionView::Template::Error (Webpacker can't find application.js in /mnt/e/Estagio/Switch/gldn/public/packs/manifest.json. Possible causes:
1. You want to set webpacker.yml value of compile to true for your environment
   unless you are using the `webpack -w` or the webpack-dev-server.
2. webpack has not yet re-run to reflect updates.
3. You have misconfigured Webpacker's config/webpacker.yml file.
4. Your webpack configuration is not creating a manifest.
Your manifest contains:
{
}
):
     7:     <%= csp_meta_tag %>
     8: 
     9:     <%= stylesheet_link_tag 'application', media: 'all', 'data-turbolinks-track': 'reload' %>
    10:     <%= javascript_pack_tag 'application', 'data-turbolinks-track': 'reload' %>
    11:   </head>
    12: 
    13:   <body>
  
app/views/layouts/application.html.erb:10
Started GET "/" for 127.0.0.1 at 2021-03-14 10:48:02 -0300
Processing by GldnController#index as HTML
  Rendering layout layouts/application.html.erb
  Rendering gldn/index.html.erb within layouts/application
  Rendered gldn/index.html.erb within layouts/application (Duration: 8.3ms | Allocations: 108)
[Webpacker] Compiling...
[Webpacker] Compilation failed:
yarn run v1.22.10
info Visit https://yarnpkg.com/en/docs/cli/run for documentation about this command.


error Command "webpack" not found.

  Rendered layout layouts/application.html.erb (Duration: 1088.0ms | Allocations: 5220)
Completed 500 Internal Server Error in 1093ms (Allocations: 8990)


  
ActionView::Template::Error (Webpacker can't find application.js in /mnt/e/Estagio/Switch/gldn/public/packs/manifest.json. Possible causes:
1. You want to set webpacker.yml value of compile to true for your environment
   unless you are using the `webpack -w` or the webpack-dev-server.
2. webpack has not yet re-run to reflect updates.
3. You have misconfigured Webpacker's config/webpacker.yml file.
4. Your webpack configuration is not creating a manifest.
Your manifest contains:
{
}
):
     7:     <%= csp_meta_tag %>
     8: 
     9:     <%= stylesheet_link_tag 'application', media: 'all', 'data-turbolinks-track': 'reload' %>
    10:     <%= javascript_pack_tag 'application', 'data-turbolinks-track': 'reload' %>
    11:   </head>
    12: 
    13:   <body>
  
app/views/layouts/application.html.erb:10
Started GET "/" for 127.0.0.1 at 2021-03-14 10:50:24 -0300
  [1m[35m (15.0ms)[0m  [1m[34mSELECT sqlite_version(*)[0m
Processing by GldnController#index as HTML
  Rendering layout layouts/application.html.erb
  Rendering gldn/index.html.erb within layouts/application
  Rendered gldn/index.html.erb within layouts/application (Duration: 18.0ms | Allocations: 291)
[Webpacker] Compiling...
[Webpacker] Compiled all packs in /mnt/e/Estagio/Switch/gldn/public/packs
[Webpacker] Hash: ce14c115e350524bb5a9
Version: webpack 4.46.0
Time: 2328ms
Built at: 03/14/2021 10:50:30 AM
                                     Asset       Size       Chunks                         Chunk Names
    js/application-b43fa54005da8e229d8c.js    125 KiB  application  [emitted] [immutable]  application
js/application-b43fa54005da8e229d8c.js.map    139 KiB  application  [emitted] [dev]        application
                             manifest.json  364 bytes               [emitted]              
Entrypoint application = js/application-b43fa54005da8e229d8c.js js/application-b43fa54005da8e229d8c.js.map
[./app/javascript/channels sync recursive _channel\.js$] ./app/javascript/channels sync _channel\.js$ 160 bytes {application} [built]
[./app/javascript/channels/index.js] 211 bytes {application} [built]
[./app/javascript/packs/application.js] 492 bytes {application} [built]
[./node_modules/webpack/buildin/module.js] (webpack)/buildin/module.js 552 bytes {application} [built]
    + 3 hidden modules

  Rendered layout layouts/application.html.erb (Duration: 5556.4ms | Allocations: 18705)
Completed 200 OK in 5665ms (Views: 5583.6ms | ActiveRecord: 0.0ms | Allocations: 24448)


